<?xml version="1.0" encoding="UTF-8"?>
<!-- Generated by org.testng.reporters.JUnitReportReporter -->
<testsuite hostname="lenovo-PC" failures="0" tests="3" name="next.Test12" time="46.746" errors="0" timestamp="2022-08-16T18:36:53 IST" skipped="0">
  <testcase classname="next.Test12" name="l1" time="17.964"/>
  <system-out/>
  <testcase classname="next.Test12" name="l3" time="14.671"/>
  <system-out/>
  <testcase classname="next.Test12" name="l2" time="14.111"/>
  <system-out/>
</testsuite> <!-- next.Test12 -->
