<?xml version="1.0" encoding="UTF-8"?>
<!-- Generated by org.testng.reporters.JUnitReportReporter -->
<testsuite hostname="lenovo-PC" failures="0" tests="2" name="next.Test5" time="89.578" errors="0" timestamp="2022-08-13T14:39:53 IST" skipped="0">
  <testcase classname="next.Test5" name="opn2" time="54.236"/>
  <system-out/>
  <testcase classname="next.Test5" name="opn1" time="35.342"/>
  <system-out/>
</testsuite> <!-- next.Test5 -->
