<?xml version="1.0" encoding="UTF-8"?>
<!-- Generated by org.testng.reporters.JUnitReportReporter -->
<testsuite hostname="lenovo-PC" failures="0" tests="1" name="next.Tset14" time="33.955" errors="0" timestamp="2022-08-19T15:29:46 IST" skipped="0">
  <testcase classname="next.Tset14" name="k1" time="33.955"/>
  <system-out/>
</testsuite> <!-- next.Tset14 -->
