<?xml version="1.0" encoding="UTF-8"?>
<!-- Generated by org.testng.reporters.JUnitReportReporter -->
<testsuite hostname="lenovo-PC" failures="0" tests="5" name="next.Test6" time="74.160" errors="0" timestamp="2022-08-13T15:19:22 IST" skipped="0">
  <testcase classname="next.Test6" name="opn3" time="0.003"/>
  <system-out/>
  <testcase classname="next.Test6" name="opn5" time="0.003"/>
  <system-out/>
  <testcase classname="next.Test6" name="opn4" time="15.940"/>
  <system-out/>
  <testcase classname="next.Test6" name="opn1" time="30.622"/>
  <system-out/>
  <testcase classname="next.Test6" name="opn2" time="27.592"/>
  <system-out/>
</testsuite> <!-- next.Test6 -->
