<?xml version="1.0" encoding="UTF-8"?>
<!-- Generated by org.testng.reporters.JUnitReportReporter -->
<testsuite hostname="lenovo-PC" failures="0" tests="3" name="next.Test4" time="169.819" errors="0" timestamp="2022-08-15T12:21:37 IST" skipped="0">
  <testcase classname="next.Test4" name="r1" time="54.574"/>
  <system-out/>
  <testcase classname="next.Test4" name="s3" time="96.144"/>
  <system-out/>
  <testcase classname="next.Test4" name="s3" time="19.101"/>
  <system-out/>
</testsuite> <!-- next.Test4 -->
