<?xml version="1.0" encoding="UTF-8"?>
<!-- Generated by org.testng.reporters.JUnitReportReporter -->
<testsuite hostname="lenovo-PC" failures="0" tests="1" name="next.Test3" time="0.027" errors="0" timestamp="2022-08-13T12:40:24 IST" skipped="0">
  <testcase classname="next.Test3" name="t1" time="0.027"/>
  <system-out/>
</testsuite> <!-- next.Test3 -->
