<?xml version="1.0" encoding="UTF-8"?>
<!-- Generated by org.testng.reporters.JUnitReportReporter -->
<testsuite hostname="lenovo-PC" failures="0" tests="2" name="next.Test10" time="0.036" errors="0" timestamp="2022-08-16T17:36:12 IST" skipped="0">
  <testcase classname="next.Test10" name="k1" time="0.033"/>
  <system-out/>
  <testcase classname="next.Test10" name="k3" time="0.003"/>
  <system-out/>
</testsuite> <!-- next.Test10 -->
