<?xml version="1.0" encoding="UTF-8"?>
<!-- Generated by org.testng.reporters.JUnitReportReporter -->
<testsuite hostname="lenovo-PC" failures="0" tests="4" name="next.Test7" time="0.048" errors="0" timestamp="2022-08-14T22:56:59 IST" skipped="0">
  <testcase classname="next.Test7" name="m2" time="0.003"/>
  <system-out/>
  <testcase classname="next.Test7" name="m4" time="0.003"/>
  <system-out/>
  <testcase classname="next.Test7" name="m3" time="0.004"/>
  <system-out/>
  <testcase classname="next.Test7" name="m1" time="0.038"/>
  <system-out/>
</testsuite> <!-- next.Test7 -->
