<?xml version="1.0" encoding="UTF-8"?>
<!-- Generated by org.testng.reporters.JUnitReportReporter -->
<testsuite hostname="lenovo-PC" failures="0" tests="1" name="next.Tset14" time="34.847" errors="0" timestamp="2022-08-18T00:33:58 IST" skipped="0">
  <testcase classname="next.Tset14" name="k1" time="34.847"/>
  <system-out/>
</testsuite> <!-- next.Tset14 -->
