<?xml version="1.0" encoding="UTF-8"?>
<!-- Generated by org.testng.reporters.JUnitReportReporter -->
<testsuite hostname="lenovo-PC" failures="0" tests="1" name="next.Test2" time="29.997" errors="0" timestamp="2022-08-13T23:17:57 IST" skipped="0">
  <testcase classname="next.Test2" name="open" time="29.997"/>
  <system-out/>
</testsuite> <!-- next.Test2 -->
